Start testing: Mar 17 17:23 CST
----------------------------------------------------------
1/1 Testing: proj_smoke
1/1 Test: proj_smoke
Command: "/mnt/c/Users/HP/Desktop/我的作品/monorepo-cmake-sample/build/bin/proj_smoke"
Directory: /mnt/c/Users/HP/Desktop/我的作品/monorepo-cmake-sample/build/projects/projectlib/tests/smoke
"proj_smoke" start time: Mar 17 17:23 CST
Output:
----------------------------------------------------------
<end of output>
Test time =   0.03 sec
----------------------------------------------------------
Test Passed.
"proj_smoke" end time: Mar 17 17:23 CST
"proj_smoke" time elapsed: 00:00:00
----------------------------------------------------------

End testing: Mar 17 17:23 CST
